<?xml version="1.0" encoding="UTF-8"?>
<!-- Generated by org.testng.reporters.JUnitReportReporter -->
<testsuite hostname="Skys-MacBook-Pro.local" name="ui_tests.SmartphoneSearchTest" tests="2" failures="0" timestamp="26 Jul 2014 10:52:15 GMT" time="86.194" errors="0">
  <testcase name="setUpPreconditions" time="12.497" classname="ui_tests.SmartphoneSearchTest"/>
  <testcase name="searchSmartphoneAndVerifyCharacteristics" time="73.697" classname="ui_tests.SmartphoneSearchTest"/>
</testsuite> <!-- ui_tests.SmartphoneSearchTest -->
